running egg_info
creating ../../build/first_package/first_package.egg-info
writing ../../build/first_package/first_package.egg-info/PKG-INFO
writing dependency_links to ../../build/first_package/first_package.egg-info/dependency_links.txt
writing entry points to ../../build/first_package/first_package.egg-info/entry_points.txt
writing requirements to ../../build/first_package/first_package.egg-info/requires.txt
writing top-level names to ../../build/first_package/first_package.egg-info/top_level.txt
writing manifest file '../../build/first_package/first_package.egg-info/SOURCES.txt'
reading manifest file '../../build/first_package/first_package.egg-info/SOURCES.txt'
writing manifest file '../../build/first_package/first_package.egg-info/SOURCES.txt'
running build
running build_py
creating /ros2_ws/build/first_package/build
creating /ros2_ws/build/first_package/build/lib
creating /ros2_ws/build/first_package/build/lib/first_package
copying first_package/__init__.py -> /ros2_ws/build/first_package/build/lib/first_package
copying first_package/my_node.py -> /ros2_ws/build/first_package/build/lib/first_package
running install
running install_lib
creating /ros2_ws/install/first_package/lib/python3.10/site-packages/first_package
copying /ros2_ws/build/first_package/build/lib/first_package/__init__.py -> /ros2_ws/install/first_package/lib/python3.10/site-packages/first_package
copying /ros2_ws/build/first_package/build/lib/first_package/my_node.py -> /ros2_ws/install/first_package/lib/python3.10/site-packages/first_package
byte-compiling /ros2_ws/install/first_package/lib/python3.10/site-packages/first_package/__init__.py to __init__.cpython-310.pyc
byte-compiling /ros2_ws/install/first_package/lib/python3.10/site-packages/first_package/my_node.py to my_node.cpython-310.pyc
running install_data
creating /ros2_ws/install/first_package/share/ament_index
creating /ros2_ws/install/first_package/share/ament_index/resource_index
creating /ros2_ws/install/first_package/share/ament_index/resource_index/packages
copying resource/first_package -> /ros2_ws/install/first_package/share/ament_index/resource_index/packages
copying package.xml -> /ros2_ws/install/first_package/share/first_package
running install_egg_info
Copying ../../build/first_package/first_package.egg-info to /ros2_ws/install/first_package/lib/python3.10/site-packages/first_package-0.0.0-py3.10.egg-info
running install_scripts
Installing my_node script to /ros2_ws/install/first_package/lib/first_package
writing list of installed files to '/ros2_ws/build/first_package/install.log'
