[0.209s] Invoking command in '/ros2_ws/src/first_package': PYTHONPATH=/ros2_ws/build/first_package/prefix_override:/usr/lib/python3/dist-packages/colcon_core/task/python/colcon_distutils_commands:/ros2_ws/install/first_package/lib/python3.10/site-packages:${PYTHONPATH} /usr/bin/python3 -W ignore:setup.py install is deprecated -W ignore:easy_install command is deprecated setup.py egg_info --egg-base ../../build/first_package build --build-base /ros2_ws/build/first_package/build install --record /ros2_ws/build/first_package/install.log --single-version-externally-managed install_data
[0.287s] running egg_info
[0.288s] creating ../../build/first_package/first_package.egg-info
[0.288s] writing ../../build/first_package/first_package.egg-info/PKG-INFO
[0.288s] writing dependency_links to ../../build/first_package/first_package.egg-info/dependency_links.txt
[0.288s] writing entry points to ../../build/first_package/first_package.egg-info/entry_points.txt
[0.288s] writing requirements to ../../build/first_package/first_package.egg-info/requires.txt
[0.288s] writing top-level names to ../../build/first_package/first_package.egg-info/top_level.txt
[0.288s] writing manifest file '../../build/first_package/first_package.egg-info/SOURCES.txt'
[0.288s] reading manifest file '../../build/first_package/first_package.egg-info/SOURCES.txt'
[0.289s] writing manifest file '../../build/first_package/first_package.egg-info/SOURCES.txt'
[0.289s] running build
[0.289s] running build_py
[0.289s] creating /ros2_ws/build/first_package/build
[0.289s] creating /ros2_ws/build/first_package/build/lib
[0.289s] creating /ros2_ws/build/first_package/build/lib/first_package
[0.289s] copying first_package/__init__.py -> /ros2_ws/build/first_package/build/lib/first_package
[0.289s] copying first_package/my_node.py -> /ros2_ws/build/first_package/build/lib/first_package
[0.289s] running install
[0.289s] running install_lib
[0.289s] creating /ros2_ws/install/first_package/lib/python3.10/site-packages/first_package
[0.289s] copying /ros2_ws/build/first_package/build/lib/first_package/__init__.py -> /ros2_ws/install/first_package/lib/python3.10/site-packages/first_package
[0.289s] copying /ros2_ws/build/first_package/build/lib/first_package/my_node.py -> /ros2_ws/install/first_package/lib/python3.10/site-packages/first_package
[0.289s] byte-compiling /ros2_ws/install/first_package/lib/python3.10/site-packages/first_package/__init__.py to __init__.cpython-310.pyc
[0.290s] byte-compiling /ros2_ws/install/first_package/lib/python3.10/site-packages/first_package/my_node.py to my_node.cpython-310.pyc
[0.290s] running install_data
[0.290s] creating /ros2_ws/install/first_package/share/ament_index
[0.290s] creating /ros2_ws/install/first_package/share/ament_index/resource_index
[0.290s] creating /ros2_ws/install/first_package/share/ament_index/resource_index/packages
[0.290s] copying resource/first_package -> /ros2_ws/install/first_package/share/ament_index/resource_index/packages
[0.290s] copying package.xml -> /ros2_ws/install/first_package/share/first_package
[0.290s] running install_egg_info
[0.290s] Copying ../../build/first_package/first_package.egg-info to /ros2_ws/install/first_package/lib/python3.10/site-packages/first_package-0.0.0-py3.10.egg-info
[0.291s] running install_scripts
[0.300s] Installing my_node script to /ros2_ws/install/first_package/lib/first_package
[0.300s] writing list of installed files to '/ros2_ws/build/first_package/install.log'
[0.309s] Invoked command in '/ros2_ws/src/first_package' returned '0': PYTHONPATH=/ros2_ws/build/first_package/prefix_override:/usr/lib/python3/dist-packages/colcon_core/task/python/colcon_distutils_commands:/ros2_ws/install/first_package/lib/python3.10/site-packages:${PYTHONPATH} /usr/bin/python3 -W ignore:setup.py install is deprecated -W ignore:easy_install command is deprecated setup.py egg_info --egg-base ../../build/first_package build --build-base /ros2_ws/build/first_package/build install --record /ros2_ws/build/first_package/install.log --single-version-externally-managed install_data
